23:33:02.747 INFO - Launching a standalone server
Setting system property webdriver.chrome.driver to ./lib/chromedriver
Setting system property webdriver.ie.driver to ./lib/IEDriverServer.exe
23:33:02.808 INFO - Java: Oracle Corporation 25.31-b07
23:33:02.809 INFO - OS: Mac OS X 10.10.3 x86_64
23:33:02.829 INFO - v2.45.0, with Core v2.45.0. Built from revision 5017cb8
23:33:02.949 INFO - Default driver org.openqa.selenium.ie.InternetExplorerDriver registration is skipped: registration capabilities Capabilities [{ensureCleanSession=true, browserName=internet explorer, version=, platform=WINDOWS}] does not match with current platform: MAC
23:33:02.999 INFO - RemoteWebDriver instances should connect to: http://127.0.0.1:4444/wd/hub
23:33:03.000 INFO - Version Jetty/5.1.x
23:33:03.001 INFO - Started HttpContext[/selenium-server,/selenium-server]
23:33:03.047 INFO - Started org.openqa.jetty.jetty.servlet.ServletHandler@16c0663d
23:33:03.047 INFO - Started HttpContext[/wd,/wd]
23:33:03.047 INFO - Started HttpContext[/selenium-server/driver,/selenium-server/driver]
23:33:03.047 INFO - Started HttpContext[/,/]
23:33:03.053 INFO - Started SocketListener on 0.0.0.0:4444
23:33:03.053 INFO - Started org.openqa.jetty.jetty.Server@30dae81
23:33:03.310 INFO - Executing: [new session: Capabilities [{acceptSslCerts=true, name=Blogger, browserName=firefox, javascriptEnabled=true, platform=ANY}]])
23:33:03.324 INFO - Creating a new session for Capabilities [{acceptSslCerts=true, name=Blogger, browserName=firefox, javascriptEnabled=true, platform=ANY}]
23:33:06.425 INFO - Done: [new session: Capabilities [{acceptSslCerts=true, name=Blogger, browserName=firefox, javascriptEnabled=true, platform=ANY}]]
23:33:06.432 INFO - Executing: [get: http://localhost:8888/blogger.html])
23:33:12.219 INFO - Done: [get: http://localhost:8888/blogger.html]
23:33:12.225 INFO - Executing: [find element: By.cssSelector: body])
23:33:12.331 INFO - Done: [find element: By.cssSelector: body]
23:33:12.335 INFO - Executing: [is displayed: 0 [[FirefoxDriver: firefox on MAC (33e6b743-8046-cf4f-8a2d-2a8e036a3710)] -> css selector: body]])
23:33:12.372 INFO - Done: [is displayed: 0 [[FirefoxDriver: firefox on MAC (33e6b743-8046-cf4f-8a2d-2a8e036a3710)] -> css selector: body]]
23:33:12.376 INFO - Executing: [find element: By.cssSelector: img[class=mockimage]])
23:33:12.411 INFO - Done: [find element: By.cssSelector: img[class=mockimage]]
23:33:12.414 INFO - Executing: [find element: By.cssSelector: div[class=cirqle-outer-button]])
23:33:12.448 INFO - Done: [find element: By.cssSelector: div[class=cirqle-outer-button]]
23:33:12.450 INFO - Executing: [is displayed: 2 [[FirefoxDriver: firefox on MAC (33e6b743-8046-cf4f-8a2d-2a8e036a3710)] -> css selector: div[class=cirqle-outer-button]]])
23:33:12.486 INFO - Done: [is displayed: 2 [[FirefoxDriver: firefox on MAC (33e6b743-8046-cf4f-8a2d-2a8e036a3710)] -> css selector: div[class=cirqle-outer-button]]]
23:33:12.489 INFO - Executing: [find element: By.cssSelector: div[class=cirqle-outer-button]])
23:33:12.525 INFO - Done: [find element: By.cssSelector: div[class=cirqle-outer-button]]
23:33:12.527 INFO - Executing: [click: 2 [[FirefoxDriver: firefox on MAC (33e6b743-8046-cf4f-8a2d-2a8e036a3710)] -> css selector: div[class=cirqle-outer-button]]])
23:33:12.620 INFO - Done: [click: 2 [[FirefoxDriver: firefox on MAC (33e6b743-8046-cf4f-8a2d-2a8e036a3710)] -> css selector: div[class=cirqle-outer-button]]]
23:33:13.529 INFO - Executing: [find element: By.cssSelector: div[id=cq-shopwindow]])
23:33:15.012 WARN - Exception thrown
org.openqa.selenium.NoSuchElementException: Unable to locate element: {"method":"css selector","selector":"div[id=cq-shopwindow]"}
Command duration or timeout: 9 milliseconds
For documentation on this error, please visit: http://seleniumhq.org/exceptions/no_such_element.html
Build info: version: '2.45.0', revision: '5017cb8', time: '2015-02-26 23:59:50'
System info: host: 'Bran.local', ip: '192.168.1.2', os.name: 'Mac OS X', os.arch: 'x86_64', os.version: '10.10.3', java.version: '1.8.0_31'
Driver info: org.openqa.selenium.firefox.FirefoxDriver
Capabilities [{applicationCacheEnabled=true, rotatable=false, handlesAlerts=true, databaseEnabled=true, version=37.0.1, platform=MAC, nativeEvents=false, acceptSslCerts=true, webStorageEnabled=true, locationContextEnabled=true, browserName=firefox, takesScreenshot=true, javascriptEnabled=true, cssSelectorsEnabled=true}]
Session ID: 33e6b743-8046-cf4f-8a2d-2a8e036a3710
*** Element info: {Using=css selector, value=div[id=cq-shopwindow]}
	at sun.reflect.NativeConstructorAccessorImpl.newInstance0(Native Method)
	at sun.reflect.NativeConstructorAccessorImpl.newInstance(NativeConstructorAccessorImpl.java:62)
	at sun.reflect.DelegatingConstructorAccessorImpl.newInstance(DelegatingConstructorAccessorImpl.java:45)
	at java.lang.reflect.Constructor.newInstance(Constructor.java:408)
	at org.openqa.selenium.remote.ErrorHandler.createThrowable(ErrorHandler.java:204)
	at org.openqa.selenium.remote.ErrorHandler.throwIfResponseFailed(ErrorHandler.java:156)
	at org.openqa.selenium.remote.RemoteWebDriver.execute(RemoteWebDriver.java:599)
	at org.openqa.selenium.remote.RemoteWebDriver.findElement(RemoteWebDriver.java:352)
	at org.openqa.selenium.remote.RemoteWebDriver.findElementByCssSelector(RemoteWebDriver.java:441)
	at org.openqa.selenium.By$ByCssSelector.findElement(By.java:426)
	at org.openqa.selenium.remote.RemoteWebDriver.findElement(RemoteWebDriver.java:344)
	at sun.reflect.NativeMethodAccessorImpl.invoke0(Native Method)
	at sun.reflect.NativeMethodAccessorImpl.invoke(NativeMethodAccessorImpl.java:62)
	at sun.reflect.DelegatingMethodAccessorImpl.invoke(DelegatingMethodAccessorImpl.java:43)
	at java.lang.reflect.Method.invoke(Method.java:483)
	at org.openqa.selenium.support.events.EventFiringWebDriver$2.invoke(EventFiringWebDriver.java:101)
	at com.sun.proxy.$Proxy1.findElement(Unknown Source)
	at org.openqa.selenium.support.events.EventFiringWebDriver.findElement(EventFiringWebDriver.java:184)
	at org.openqa.selenium.remote.server.handler.FindElement.call(FindElement.java:47)
	at org.openqa.selenium.remote.server.handler.FindElement.call(FindElement.java:1)
	at java.util.concurrent.FutureTask.run(FutureTask.java:266)
	at org.openqa.selenium.remote.server.DefaultSession$1.run(DefaultSession.java:168)
	at java.util.concurrent.ThreadPoolExecutor.runWorker(ThreadPoolExecutor.java:1142)
	at java.util.concurrent.ThreadPoolExecutor$Worker.run(ThreadPoolExecutor.java:617)
	at java.lang.Thread.run(Thread.java:745)
Caused by: org.openqa.selenium.NoSuchElementException: Unable to locate element: {"method":"css selector","selector":"div[id=cq-shopwindow]"}
For documentation on this error, please visit: http://seleniumhq.org/exceptions/no_such_element.html
Build info: version: '2.45.0', revision: '5017cb8', time: '2015-02-26 23:59:50'
System info: host: 'Bran.local', ip: '192.168.1.2', os.name: 'Mac OS X', os.arch: 'x86_64', os.version: '10.10.3', java.version: '1.8.0_31'
Driver info: driver.version: unknown
	at <anonymous class>.FirefoxDriver.prototype.findElementInternal_(file:///var/folders/yf/hf1w40qj64j16wjxkxn9cd_40000gp/T/anonymous9117240771061394279webdriver-profile/extensions/fxdriver@googlecode.com/components/driver-component.js:10271)
	at <anonymous class>.FirefoxDriver.prototype.findElement(file:///var/folders/yf/hf1w40qj64j16wjxkxn9cd_40000gp/T/anonymous9117240771061394279webdriver-profile/extensions/fxdriver@googlecode.com/components/driver-component.js:10280)
	at <anonymous class>.DelayedCommand.prototype.executeInternal_/h(file:///var/folders/yf/hf1w40qj64j16wjxkxn9cd_40000gp/T/anonymous9117240771061394279webdriver-profile/extensions/fxdriver@googlecode.com/components/command-processor.js:12274)
	at <anonymous class>.DelayedCommand.prototype.executeInternal_(file:///var/folders/yf/hf1w40qj64j16wjxkxn9cd_40000gp/T/anonymous9117240771061394279webdriver-profile/extensions/fxdriver@googlecode.com/components/command-processor.js:12279)
	at <anonymous class>.DelayedCommand.prototype.execute/<(file:///var/folders/yf/hf1w40qj64j16wjxkxn9cd_40000gp/T/anonymous9117240771061394279webdriver-profile/extensions/fxdriver@googlecode.com/components/command-processor.js:12221)
23:33:15.021 WARN - Exception: Unable to locate element: {"method":"css selector","selector":"div[id=cq-shopwindow]"}
For documentation on this error, please visit: http://seleniumhq.org/exceptions/no_such_element.html
Build info: version: '2.45.0', revision: '5017cb8', time: '2015-02-26 23:59:50'
System info: host: 'Bran.local', ip: '192.168.1.2', os.name: 'Mac OS X', os.arch: 'x86_64', os.version: '10.10.3', java.version: '1.8.0_31'
Driver info: driver.version: unknown
23:33:15.804 INFO - Executing: [find element: By.cssSelector: div[id=cq-shopwindow]])
23:33:15.851 INFO - Done: [find element: By.cssSelector: div[id=cq-shopwindow]]
23:33:15.854 INFO - Executing: [is displayed: 3 [[FirefoxDriver: firefox on MAC (33e6b743-8046-cf4f-8a2d-2a8e036a3710)] -> css selector: div[id=cq-shopwindow]]])
23:33:15.906 INFO - Done: [is displayed: 3 [[FirefoxDriver: firefox on MAC (33e6b743-8046-cf4f-8a2d-2a8e036a3710)] -> css selector: div[id=cq-shopwindow]]]
23:33:18.912 INFO - Executing: [delete session: 7254174e-11ae-438c-abdf-79a832b834cd])
23:33:18.987 INFO - Done: [delete session: 7254174e-11ae-438c-abdf-79a832b834cd]
23:33:20.004 INFO - Executing: [new session: Capabilities [{acceptSslCerts=true, name=Tumblr, browserName=firefox, javascriptEnabled=true, platform=ANY}]])
23:33:20.005 INFO - Creating a new session for Capabilities [{acceptSslCerts=true, name=Tumblr, browserName=firefox, javascriptEnabled=true, platform=ANY}]
23:33:21.858 INFO - Done: [new session: Capabilities [{acceptSslCerts=true, name=Tumblr, browserName=firefox, javascriptEnabled=true, platform=ANY}]]
23:33:21.861 INFO - Executing: [get: http://localhost:8888/tumblr.html])
23:33:22.991 INFO - Done: [get: http://localhost:8888/tumblr.html]
23:33:22.996 INFO - Executing: [find element: By.cssSelector: body])
23:33:23.081 INFO - Done: [find element: By.cssSelector: body]
23:33:23.084 INFO - Executing: [is displayed: 0 [[FirefoxDriver: firefox on MAC (94c2660b-17d0-5b4c-9a52-e0c2b34cd805)] -> css selector: body]])
23:33:23.132 INFO - Done: [is displayed: 0 [[FirefoxDriver: firefox on MAC (94c2660b-17d0-5b4c-9a52-e0c2b34cd805)] -> css selector: body]]
23:33:23.135 INFO - Executing: [find element: By.cssSelector: img[class=mockimage]])
23:33:23.537 WARN - Exception thrown
org.openqa.selenium.NoSuchElementException: Unable to locate element: {"method":"css selector","selector":"img[class=mockimage]"}
Command duration or timeout: 39 milliseconds
For documentation on this error, please visit: http://seleniumhq.org/exceptions/no_such_element.html
Build info: version: '2.45.0', revision: '5017cb8', time: '2015-02-26 23:59:50'
System info: host: 'Bran.local', ip: '192.168.1.2', os.name: 'Mac OS X', os.arch: 'x86_64', os.version: '10.10.3', java.version: '1.8.0_31'
Driver info: org.openqa.selenium.firefox.FirefoxDriver
Capabilities [{applicationCacheEnabled=true, rotatable=false, handlesAlerts=true, databaseEnabled=true, version=37.0.1, platform=MAC, nativeEvents=false, acceptSslCerts=true, webStorageEnabled=true, locationContextEnabled=true, browserName=firefox, takesScreenshot=true, javascriptEnabled=true, cssSelectorsEnabled=true}]
Session ID: 94c2660b-17d0-5b4c-9a52-e0c2b34cd805
*** Element info: {Using=css selector, value=img[class=mockimage]}
	at sun.reflect.NativeConstructorAccessorImpl.newInstance0(Native Method)
	at sun.reflect.NativeConstructorAccessorImpl.newInstance(NativeConstructorAccessorImpl.java:62)
	at sun.reflect.DelegatingConstructorAccessorImpl.newInstance(DelegatingConstructorAccessorImpl.java:45)
	at java.lang.reflect.Constructor.newInstance(Constructor.java:408)
	at org.openqa.selenium.remote.ErrorHandler.createThrowable(ErrorHandler.java:204)
	at org.openqa.selenium.remote.ErrorHandler.throwIfResponseFailed(ErrorHandler.java:156)
	at org.openqa.selenium.remote.RemoteWebDriver.execute(RemoteWebDriver.java:599)
	at org.openqa.selenium.remote.RemoteWebDriver.findElement(RemoteWebDriver.java:352)
	at org.openqa.selenium.remote.RemoteWebDriver.findElementByCssSelector(RemoteWebDriver.java:441)
	at org.openqa.selenium.By$ByCssSelector.findElement(By.java:426)
	at org.openqa.selenium.remote.RemoteWebDriver.findElement(RemoteWebDriver.java:344)
	at sun.reflect.NativeMethodAccessorImpl.invoke0(Native Method)
	at sun.reflect.NativeMethodAccessorImpl.invoke(NativeMethodAccessorImpl.java:62)
	at sun.reflect.DelegatingMethodAccessorImpl.invoke(DelegatingMethodAccessorImpl.java:43)
	at java.lang.reflect.Method.invoke(Method.java:483)
	at org.openqa.selenium.support.events.EventFiringWebDriver$2.invoke(EventFiringWebDriver.java:101)
	at com.sun.proxy.$Proxy1.findElement(Unknown Source)
	at org.openqa.selenium.support.events.EventFiringWebDriver.findElement(EventFiringWebDriver.java:184)
	at org.openqa.selenium.remote.server.handler.FindElement.call(FindElement.java:47)
	at org.openqa.selenium.remote.server.handler.FindElement.call(FindElement.java:1)
	at java.util.concurrent.FutureTask.run(FutureTask.java:266)
	at org.openqa.selenium.remote.server.DefaultSession$1.run(DefaultSession.java:168)
	at java.util.concurrent.ThreadPoolExecutor.runWorker(ThreadPoolExecutor.java:1142)
	at java.util.concurrent.ThreadPoolExecutor$Worker.run(ThreadPoolExecutor.java:617)
	at java.lang.Thread.run(Thread.java:745)
Caused by: org.openqa.selenium.NoSuchElementException: Unable to locate element: {"method":"css selector","selector":"img[class=mockimage]"}
For documentation on this error, please visit: http://seleniumhq.org/exceptions/no_such_element.html
Build info: version: '2.45.0', revision: '5017cb8', time: '2015-02-26 23:59:50'
System info: host: 'Bran.local', ip: '192.168.1.2', os.name: 'Mac OS X', os.arch: 'x86_64', os.version: '10.10.3', java.version: '1.8.0_31'
Driver info: driver.version: unknown
	at <anonymous class>.FirefoxDriver.prototype.findElementInternal_(file:///var/folders/yf/hf1w40qj64j16wjxkxn9cd_40000gp/T/anonymous3450991897058224548webdriver-profile/extensions/fxdriver@googlecode.com/components/driver-component.js:10271)
	at <anonymous class>.FirefoxDriver.prototype.findElement(file:///var/folders/yf/hf1w40qj64j16wjxkxn9cd_40000gp/T/anonymous3450991897058224548webdriver-profile/extensions/fxdriver@googlecode.com/components/driver-component.js:10280)
	at <anonymous class>.DelayedCommand.prototype.executeInternal_/h(file:///var/folders/yf/hf1w40qj64j16wjxkxn9cd_40000gp/T/anonymous3450991897058224548webdriver-profile/extensions/fxdriver@googlecode.com/components/command-processor.js:12274)
	at <anonymous class>.DelayedCommand.prototype.executeInternal_(file:///var/folders/yf/hf1w40qj64j16wjxkxn9cd_40000gp/T/anonymous3450991897058224548webdriver-profile/extensions/fxdriver@googlecode.com/components/command-processor.js:12279)
	at <anonymous class>.DelayedCommand.prototype.execute/<(file:///var/folders/yf/hf1w40qj64j16wjxkxn9cd_40000gp/T/anonymous3450991897058224548webdriver-profile/extensions/fxdriver@googlecode.com/components/command-processor.js:12221)
23:33:23.543 WARN - Exception: Unable to locate element: {"method":"css selector","selector":"img[class=mockimage]"}
For documentation on this error, please visit: http://seleniumhq.org/exceptions/no_such_element.html
Build info: version: '2.45.0', revision: '5017cb8', time: '2015-02-26 23:59:50'
System info: host: 'Bran.local', ip: '192.168.1.2', os.name: 'Mac OS X', os.arch: 'x86_64', os.version: '10.10.3', java.version: '1.8.0_31'
Driver info: driver.version: unknown
23:33:24.112 INFO - Executing: [find element: By.cssSelector: img[class=mockimage]])
23:33:24.119 INFO - Done: [find element: By.cssSelector: img[class=mockimage]]
23:33:24.125 INFO - Executing: [find element: By.cssSelector: div[class=cirqle-outer-button]])
23:33:24.574 WARN - Exception thrown
org.openqa.selenium.NoSuchElementException: Unable to locate element: {"method":"css selector","selector":"div[class=cirqle-outer-button]"}
Command duration or timeout: 40 milliseconds
For documentation on this error, please visit: http://seleniumhq.org/exceptions/no_such_element.html
Build info: version: '2.45.0', revision: '5017cb8', time: '2015-02-26 23:59:50'
System info: host: 'Bran.local', ip: '192.168.1.2', os.name: 'Mac OS X', os.arch: 'x86_64', os.version: '10.10.3', java.version: '1.8.0_31'
Driver info: org.openqa.selenium.firefox.FirefoxDriver
Capabilities [{applicationCacheEnabled=true, rotatable=false, handlesAlerts=true, databaseEnabled=true, version=37.0.1, platform=MAC, nativeEvents=false, acceptSslCerts=true, webStorageEnabled=true, locationContextEnabled=true, browserName=firefox, takesScreenshot=true, javascriptEnabled=true, cssSelectorsEnabled=true}]
Session ID: 94c2660b-17d0-5b4c-9a52-e0c2b34cd805
*** Element info: {Using=css selector, value=div[class=cirqle-outer-button]}
	at sun.reflect.NativeConstructorAccessorImpl.newInstance0(Native Method)
	at sun.reflect.NativeConstructorAccessorImpl.newInstance(NativeConstructorAccessorImpl.java:62)
	at sun.reflect.DelegatingConstructorAccessorImpl.newInstance(DelegatingConstructorAccessorImpl.java:45)
	at java.lang.reflect.Constructor.newInstance(Constructor.java:408)
	at org.openqa.selenium.remote.ErrorHandler.createThrowable(ErrorHandler.java:204)
	at org.openqa.selenium.remote.ErrorHandler.throwIfResponseFailed(ErrorHandler.java:156)
	at org.openqa.selenium.remote.RemoteWebDriver.execute(RemoteWebDriver.java:599)
	at org.openqa.selenium.remote.RemoteWebDriver.findElement(RemoteWebDriver.java:352)
	at org.openqa.selenium.remote.RemoteWebDriver.findElementByCssSelector(RemoteWebDriver.java:441)
	at org.openqa.selenium.By$ByCssSelector.findElement(By.java:426)
	at org.openqa.selenium.remote.RemoteWebDriver.findElement(RemoteWebDriver.java:344)
	at sun.reflect.NativeMethodAccessorImpl.invoke0(Native Method)
	at sun.reflect.NativeMethodAccessorImpl.invoke(NativeMethodAccessorImpl.java:62)
	at sun.reflect.DelegatingMethodAccessorImpl.invoke(DelegatingMethodAccessorImpl.java:43)
	at java.lang.reflect.Method.invoke(Method.java:483)
	at org.openqa.selenium.support.events.EventFiringWebDriver$2.invoke(EventFiringWebDriver.java:101)
	at com.sun.proxy.$Proxy1.findElement(Unknown Source)
	at org.openqa.selenium.support.events.EventFiringWebDriver.findElement(EventFiringWebDriver.java:184)
	at org.openqa.selenium.remote.server.handler.FindElement.call(FindElement.java:47)
	at org.openqa.selenium.remote.server.handler.FindElement.call(FindElement.java:1)
	at java.util.concurrent.FutureTask.run(FutureTask.java:266)
	at org.openqa.selenium.remote.server.DefaultSession$1.run(DefaultSession.java:168)
	at java.util.concurrent.ThreadPoolExecutor.runWorker(ThreadPoolExecutor.java:1142)
	at java.util.concurrent.ThreadPoolExecutor$Worker.run(ThreadPoolExecutor.java:617)
	at java.lang.Thread.run(Thread.java:745)
Caused by: org.openqa.selenium.NoSuchElementException: Unable to locate element: {"method":"css selector","selector":"div[class=cirqle-outer-button]"}
For documentation on this error, please visit: http://seleniumhq.org/exceptions/no_such_element.html
Build info: version: '2.45.0', revision: '5017cb8', time: '2015-02-26 23:59:50'
System info: host: 'Bran.local', ip: '192.168.1.2', os.name: 'Mac OS X', os.arch: 'x86_64', os.version: '10.10.3', java.version: '1.8.0_31'
Driver info: driver.version: unknown
	at <anonymous class>.FirefoxDriver.prototype.findElementInternal_(file:///var/folders/yf/hf1w40qj64j16wjxkxn9cd_40000gp/T/anonymous3450991897058224548webdriver-profile/extensions/fxdriver@googlecode.com/components/driver-component.js:10271)
	at <anonymous class>.FirefoxDriver.prototype.findElement(file:///var/folders/yf/hf1w40qj64j16wjxkxn9cd_40000gp/T/anonymous3450991897058224548webdriver-profile/extensions/fxdriver@googlecode.com/components/driver-component.js:10280)
	at <anonymous class>.DelayedCommand.prototype.executeInternal_/h(file:///var/folders/yf/hf1w40qj64j16wjxkxn9cd_40000gp/T/anonymous3450991897058224548webdriver-profile/extensions/fxdriver@googlecode.com/components/command-processor.js:12274)
	at <anonymous class>.DelayedCommand.prototype.executeInternal_(file:///var/folders/yf/hf1w40qj64j16wjxkxn9cd_40000gp/T/anonymous3450991897058224548webdriver-profile/extensions/fxdriver@googlecode.com/components/command-processor.js:12279)
	at <anonymous class>.DelayedCommand.prototype.execute/<(file:///var/folders/yf/hf1w40qj64j16wjxkxn9cd_40000gp/T/anonymous3450991897058224548webdriver-profile/extensions/fxdriver@googlecode.com/components/command-processor.js:12221)
23:33:24.579 WARN - Exception: Unable to locate element: {"method":"css selector","selector":"div[class=cirqle-outer-button]"}
For documentation on this error, please visit: http://seleniumhq.org/exceptions/no_such_element.html
Build info: version: '2.45.0', revision: '5017cb8', time: '2015-02-26 23:59:50'
System info: host: 'Bran.local', ip: '192.168.1.2', os.name: 'Mac OS X', os.arch: 'x86_64', os.version: '10.10.3', java.version: '1.8.0_31'
Driver info: driver.version: unknown
23:33:25.359 INFO - Executing: [find element: By.cssSelector: div[class=cirqle-outer-button]])
23:33:25.904 INFO - Done: [find element: By.cssSelector: div[class=cirqle-outer-button]]
23:33:25.908 INFO - Executing: [is displayed: 2 [[FirefoxDriver: firefox on MAC (94c2660b-17d0-5b4c-9a52-e0c2b34cd805)] -> css selector: div[class=cirqle-outer-button]]])
23:33:25.967 INFO - Done: [is displayed: 2 [[FirefoxDriver: firefox on MAC (94c2660b-17d0-5b4c-9a52-e0c2b34cd805)] -> css selector: div[class=cirqle-outer-button]]]
23:33:25.973 INFO - Executing: [find element: By.cssSelector: div[class=cirqle-outer-button]])
23:33:26.023 INFO - Done: [find element: By.cssSelector: div[class=cirqle-outer-button]]
23:33:26.025 INFO - Executing: [click: 2 [[FirefoxDriver: firefox on MAC (94c2660b-17d0-5b4c-9a52-e0c2b34cd805)] -> css selector: div[class=cirqle-outer-button]]])
23:33:26.126 INFO - Done: [click: 2 [[FirefoxDriver: firefox on MAC (94c2660b-17d0-5b4c-9a52-e0c2b34cd805)] -> css selector: div[class=cirqle-outer-button]]]
23:33:27.032 INFO - Executing: [find element: By.cssSelector: div[id=cq-shopwindow]])
23:33:27.430 WARN - Exception thrown
org.openqa.selenium.NoSuchElementException: Unable to locate element: {"method":"css selector","selector":"div[id=cq-shopwindow]"}
Command duration or timeout: 8 milliseconds
For documentation on this error, please visit: http://seleniumhq.org/exceptions/no_such_element.html
Build info: version: '2.45.0', revision: '5017cb8', time: '2015-02-26 23:59:50'
System info: host: 'Bran.local', ip: '192.168.1.2', os.name: 'Mac OS X', os.arch: 'x86_64', os.version: '10.10.3', java.version: '1.8.0_31'
Driver info: org.openqa.selenium.firefox.FirefoxDriver
Capabilities [{applicationCacheEnabled=true, rotatable=false, handlesAlerts=true, databaseEnabled=true, version=37.0.1, platform=MAC, nativeEvents=false, acceptSslCerts=true, webStorageEnabled=true, locationContextEnabled=true, browserName=firefox, takesScreenshot=true, javascriptEnabled=true, cssSelectorsEnabled=true}]
Session ID: 94c2660b-17d0-5b4c-9a52-e0c2b34cd805
*** Element info: {Using=css selector, value=div[id=cq-shopwindow]}
	at sun.reflect.NativeConstructorAccessorImpl.newInstance0(Native Method)
	at sun.reflect.NativeConstructorAccessorImpl.newInstance(NativeConstructorAccessorImpl.java:62)
	at sun.reflect.DelegatingConstructorAccessorImpl.newInstance(DelegatingConstructorAccessorImpl.java:45)
	at java.lang.reflect.Constructor.newInstance(Constructor.java:408)
	at org.openqa.selenium.remote.ErrorHandler.createThrowable(ErrorHandler.java:204)
	at org.openqa.selenium.remote.ErrorHandler.throwIfResponseFailed(ErrorHandler.java:156)
	at org.openqa.selenium.remote.RemoteWebDriver.execute(RemoteWebDriver.java:599)
	at org.openqa.selenium.remote.RemoteWebDriver.findElement(RemoteWebDriver.java:352)
	at org.openqa.selenium.remote.RemoteWebDriver.findElementByCssSelector(RemoteWebDriver.java:441)
	at org.openqa.selenium.By$ByCssSelector.findElement(By.java:426)
	at org.openqa.selenium.remote.RemoteWebDriver.findElement(RemoteWebDriver.java:344)
	at sun.reflect.NativeMethodAccessorImpl.invoke0(Native Method)
	at sun.reflect.NativeMethodAccessorImpl.invoke(NativeMethodAccessorImpl.java:62)
	at sun.reflect.DelegatingMethodAccessorImpl.invoke(DelegatingMethodAccessorImpl.java:43)
	at java.lang.reflect.Method.invoke(Method.java:483)
	at org.openqa.selenium.support.events.EventFiringWebDriver$2.invoke(EventFiringWebDriver.java:101)
	at com.sun.proxy.$Proxy1.findElement(Unknown Source)
	at org.openqa.selenium.support.events.EventFiringWebDriver.findElement(EventFiringWebDriver.java:184)
	at org.openqa.selenium.remote.server.handler.FindElement.call(FindElement.java:47)
	at org.openqa.selenium.remote.server.handler.FindElement.call(FindElement.java:1)
	at java.util.concurrent.FutureTask.run(FutureTask.java:266)
	at org.openqa.selenium.remote.server.DefaultSession$1.run(DefaultSession.java:168)
	at java.util.concurrent.ThreadPoolExecutor.runWorker(ThreadPoolExecutor.java:1142)
	at java.util.concurrent.ThreadPoolExecutor$Worker.run(ThreadPoolExecutor.java:617)
	at java.lang.Thread.run(Thread.java:745)
Caused by: org.openqa.selenium.NoSuchElementException: Unable to locate element: {"method":"css selector","selector":"div[id=cq-shopwindow]"}
For documentation on this error, please visit: http://seleniumhq.org/exceptions/no_such_element.html
Build info: version: '2.45.0', revision: '5017cb8', time: '2015-02-26 23:59:50'
System info: host: 'Bran.local', ip: '192.168.1.2', os.name: 'Mac OS X', os.arch: 'x86_64', os.version: '10.10.3', java.version: '1.8.0_31'
Driver info: driver.version: unknown
	at <anonymous class>.FirefoxDriver.prototype.findElementInternal_(file:///var/folders/yf/hf1w40qj64j16wjxkxn9cd_40000gp/T/anonymous3450991897058224548webdriver-profile/extensions/fxdriver@googlecode.com/components/driver-component.js:10271)
	at <anonymous class>.FirefoxDriver.prototype.findElement(file:///var/folders/yf/hf1w40qj64j16wjxkxn9cd_40000gp/T/anonymous3450991897058224548webdriver-profile/extensions/fxdriver@googlecode.com/components/driver-component.js:10280)
	at <anonymous class>.DelayedCommand.prototype.executeInternal_/h(file:///var/folders/yf/hf1w40qj64j16wjxkxn9cd_40000gp/T/anonymous3450991897058224548webdriver-profile/extensions/fxdriver@googlecode.com/components/command-processor.js:12274)
	at <anonymous class>.DelayedCommand.prototype.executeInternal_(file:///var/folders/yf/hf1w40qj64j16wjxkxn9cd_40000gp/T/anonymous3450991897058224548webdriver-profile/extensions/fxdriver@googlecode.com/components/command-processor.js:12279)
	at <anonymous class>.DelayedCommand.prototype.execute/<(file:///var/folders/yf/hf1w40qj64j16wjxkxn9cd_40000gp/T/anonymous3450991897058224548webdriver-profile/extensions/fxdriver@googlecode.com/components/command-processor.js:12221)
23:33:27.435 WARN - Exception: Unable to locate element: {"method":"css selector","selector":"div[id=cq-shopwindow]"}
For documentation on this error, please visit: http://seleniumhq.org/exceptions/no_such_element.html
Build info: version: '2.45.0', revision: '5017cb8', time: '2015-02-26 23:59:50'
System info: host: 'Bran.local', ip: '192.168.1.2', os.name: 'Mac OS X', os.arch: 'x86_64', os.version: '10.10.3', java.version: '1.8.0_31'
Driver info: driver.version: unknown
23:33:28.198 INFO - Executing: [find element: By.cssSelector: div[id=cq-shopwindow]])
23:33:28.208 INFO - Done: [find element: By.cssSelector: div[id=cq-shopwindow]]
23:33:28.210 INFO - Executing: [is displayed: 3 [[FirefoxDriver: firefox on MAC (94c2660b-17d0-5b4c-9a52-e0c2b34cd805)] -> css selector: div[id=cq-shopwindow]]])
23:33:28.267 INFO - Done: [is displayed: 3 [[FirefoxDriver: firefox on MAC (94c2660b-17d0-5b4c-9a52-e0c2b34cd805)] -> css selector: div[id=cq-shopwindow]]]
23:33:31.271 INFO - Executing: [delete session: a9fb6611-30b7-4562-9c75-a95ea390f5db])
23:33:31.354 INFO - Done: [delete session: a9fb6611-30b7-4562-9c75-a95ea390f5db]
23:33:32.374 INFO - Executing: [new session: Capabilities [{acceptSslCerts=true, name=Wordpress, browserName=firefox, javascriptEnabled=true, platform=ANY}]])
23:33:32.374 INFO - Creating a new session for Capabilities [{acceptSslCerts=true, name=Wordpress, browserName=firefox, javascriptEnabled=true, platform=ANY}]
23:33:34.207 INFO - Done: [new session: Capabilities [{acceptSslCerts=true, name=Wordpress, browserName=firefox, javascriptEnabled=true, platform=ANY}]]
23:33:34.211 INFO - Executing: [get: http://localhost:8888/wordpress.html])
23:33:35.301 INFO - Done: [get: http://localhost:8888/wordpress.html]
23:33:35.304 INFO - Executing: [find element: By.cssSelector: body])
23:33:35.398 INFO - Done: [find element: By.cssSelector: body]
23:33:35.401 INFO - Executing: [is displayed: 0 [[FirefoxDriver: firefox on MAC (0186425b-721b-b04a-965d-1a228ecc61f5)] -> css selector: body]])
23:33:35.448 INFO - Done: [is displayed: 0 [[FirefoxDriver: firefox on MAC (0186425b-721b-b04a-965d-1a228ecc61f5)] -> css selector: body]]
23:33:35.453 INFO - Executing: [find element: By.cssSelector: img[class=mockimage]])
23:33:35.817 WARN - Exception thrown
org.openqa.selenium.NoSuchElementException: Unable to locate element: {"method":"css selector","selector":"img[class=mockimage]"}
Command duration or timeout: 36 milliseconds
For documentation on this error, please visit: http://seleniumhq.org/exceptions/no_such_element.html
Build info: version: '2.45.0', revision: '5017cb8', time: '2015-02-26 23:59:50'
System info: host: 'Bran.local', ip: '192.168.1.2', os.name: 'Mac OS X', os.arch: 'x86_64', os.version: '10.10.3', java.version: '1.8.0_31'
Driver info: org.openqa.selenium.firefox.FirefoxDriver
Capabilities [{applicationCacheEnabled=true, rotatable=false, handlesAlerts=true, databaseEnabled=true, version=37.0.1, platform=MAC, nativeEvents=false, acceptSslCerts=true, webStorageEnabled=true, locationContextEnabled=true, browserName=firefox, takesScreenshot=true, javascriptEnabled=true, cssSelectorsEnabled=true}]
Session ID: 0186425b-721b-b04a-965d-1a228ecc61f5
*** Element info: {Using=css selector, value=img[class=mockimage]}
	at sun.reflect.NativeConstructorAccessorImpl.newInstance0(Native Method)
	at sun.reflect.NativeConstructorAccessorImpl.newInstance(NativeConstructorAccessorImpl.java:62)
	at sun.reflect.DelegatingConstructorAccessorImpl.newInstance(DelegatingConstructorAccessorImpl.java:45)
	at java.lang.reflect.Constructor.newInstance(Constructor.java:408)
	at org.openqa.selenium.remote.ErrorHandler.createThrowable(ErrorHandler.java:204)
	at org.openqa.selenium.remote.ErrorHandler.throwIfResponseFailed(ErrorHandler.java:156)
	at org.openqa.selenium.remote.RemoteWebDriver.execute(RemoteWebDriver.java:599)
	at org.openqa.selenium.remote.RemoteWebDriver.findElement(RemoteWebDriver.java:352)
	at org.openqa.selenium.remote.RemoteWebDriver.findElementByCssSelector(RemoteWebDriver.java:441)
	at org.openqa.selenium.By$ByCssSelector.findElement(By.java:426)
	at org.openqa.selenium.remote.RemoteWebDriver.findElement(RemoteWebDriver.java:344)
	at sun.reflect.NativeMethodAccessorImpl.invoke0(Native Method)
	at sun.reflect.NativeMethodAccessorImpl.invoke(NativeMethodAccessorImpl.java:62)
	at sun.reflect.DelegatingMethodAccessorImpl.invoke(DelegatingMethodAccessorImpl.java:43)
	at java.lang.reflect.Method.invoke(Method.java:483)
	at org.openqa.selenium.support.events.EventFiringWebDriver$2.invoke(EventFiringWebDriver.java:101)
	at com.sun.proxy.$Proxy1.findElement(Unknown Source)
	at org.openqa.selenium.support.events.EventFiringWebDriver.findElement(EventFiringWebDriver.java:184)
	at org.openqa.selenium.remote.server.handler.FindElement.call(FindElement.java:47)
	at org.openqa.selenium.remote.server.handler.FindElement.call(FindElement.java:1)
	at java.util.concurrent.FutureTask.run(FutureTask.java:266)
	at org.openqa.selenium.remote.server.DefaultSession$1.run(DefaultSession.java:168)
	at java.util.concurrent.ThreadPoolExecutor.runWorker(ThreadPoolExecutor.java:1142)
	at java.util.concurrent.ThreadPoolExecutor$Worker.run(ThreadPoolExecutor.java:617)
	at java.lang.Thread.run(Thread.java:745)
Caused by: org.openqa.selenium.NoSuchElementException: Unable to locate element: {"method":"css selector","selector":"img[class=mockimage]"}
For documentation on this error, please visit: http://seleniumhq.org/exceptions/no_such_element.html
Build info: version: '2.45.0', revision: '5017cb8', time: '2015-02-26 23:59:50'
System info: host: 'Bran.local', ip: '192.168.1.2', os.name: 'Mac OS X', os.arch: 'x86_64', os.version: '10.10.3', java.version: '1.8.0_31'
Driver info: driver.version: unknown
	at <anonymous class>.FirefoxDriver.prototype.findElementInternal_(file:///var/folders/yf/hf1w40qj64j16wjxkxn9cd_40000gp/T/anonymous194710194139670383webdriver-profile/extensions/fxdriver@googlecode.com/components/driver-component.js:10271)
	at <anonymous class>.FirefoxDriver.prototype.findElement(file:///var/folders/yf/hf1w40qj64j16wjxkxn9cd_40000gp/T/anonymous194710194139670383webdriver-profile/extensions/fxdriver@googlecode.com/components/driver-component.js:10280)
	at <anonymous class>.DelayedCommand.prototype.executeInternal_/h(file:///var/folders/yf/hf1w40qj64j16wjxkxn9cd_40000gp/T/anonymous194710194139670383webdriver-profile/extensions/fxdriver@googlecode.com/components/command-processor.js:12274)
	at <anonymous class>.DelayedCommand.prototype.executeInternal_(file:///var/folders/yf/hf1w40qj64j16wjxkxn9cd_40000gp/T/anonymous194710194139670383webdriver-profile/extensions/fxdriver@googlecode.com/components/command-processor.js:12279)
	at <anonymous class>.DelayedCommand.prototype.execute/<(file:///var/folders/yf/hf1w40qj64j16wjxkxn9cd_40000gp/T/anonymous194710194139670383webdriver-profile/extensions/fxdriver@googlecode.com/components/command-processor.js:12221)
23:33:35.822 WARN - Exception: Unable to locate element: {"method":"css selector","selector":"img[class=mockimage]"}
For documentation on this error, please visit: http://seleniumhq.org/exceptions/no_such_element.html
Build info: version: '2.45.0', revision: '5017cb8', time: '2015-02-26 23:59:50'
System info: host: 'Bran.local', ip: '192.168.1.2', os.name: 'Mac OS X', os.arch: 'x86_64', os.version: '10.10.3', java.version: '1.8.0_31'
Driver info: driver.version: unknown
23:33:36.413 INFO - Executing: [find element: By.cssSelector: img[class=mockimage]])
23:33:36.726 WARN - Exception thrown
org.openqa.selenium.NoSuchElementException: Unable to locate element: {"method":"css selector","selector":"img[class=mockimage]"}
Command duration or timeout: 8 milliseconds
For documentation on this error, please visit: http://seleniumhq.org/exceptions/no_such_element.html
Build info: version: '2.45.0', revision: '5017cb8', time: '2015-02-26 23:59:50'
System info: host: 'Bran.local', ip: '192.168.1.2', os.name: 'Mac OS X', os.arch: 'x86_64', os.version: '10.10.3', java.version: '1.8.0_31'
Driver info: org.openqa.selenium.firefox.FirefoxDriver
Capabilities [{applicationCacheEnabled=true, rotatable=false, handlesAlerts=true, databaseEnabled=true, version=37.0.1, platform=MAC, nativeEvents=false, acceptSslCerts=true, webStorageEnabled=true, locationContextEnabled=true, browserName=firefox, takesScreenshot=true, javascriptEnabled=true, cssSelectorsEnabled=true}]
Session ID: 0186425b-721b-b04a-965d-1a228ecc61f5
*** Element info: {Using=css selector, value=img[class=mockimage]}
	at sun.reflect.NativeConstructorAccessorImpl.newInstance0(Native Method)
	at sun.reflect.NativeConstructorAccessorImpl.newInstance(NativeConstructorAccessorImpl.java:62)
	at sun.reflect.DelegatingConstructorAccessorImpl.newInstance(DelegatingConstructorAccessorImpl.java:45)
	at java.lang.reflect.Constructor.newInstance(Constructor.java:408)
	at org.openqa.selenium.remote.ErrorHandler.createThrowable(ErrorHandler.java:204)
	at org.openqa.selenium.remote.ErrorHandler.throwIfResponseFailed(ErrorHandler.java:156)
	at org.openqa.selenium.remote.RemoteWebDriver.execute(RemoteWebDriver.java:599)
	at org.openqa.selenium.remote.RemoteWebDriver.findElement(RemoteWebDriver.java:352)
	at org.openqa.selenium.remote.RemoteWebDriver.findElementByCssSelector(RemoteWebDriver.java:441)
	at org.openqa.selenium.By$ByCssSelector.findElement(By.java:426)
	at org.openqa.selenium.remote.RemoteWebDriver.findElement(RemoteWebDriver.java:344)
	at sun.reflect.GeneratedMethodAccessor18.invoke(Unknown Source)
	at sun.reflect.DelegatingMethodAccessorImpl.invoke(DelegatingMethodAccessorImpl.java:43)
	at java.lang.reflect.Method.invoke(Method.java:483)
	at org.openqa.selenium.support.events.EventFiringWebDriver$2.invoke(EventFiringWebDriver.java:101)
	at com.sun.proxy.$Proxy1.findElement(Unknown Source)
	at org.openqa.selenium.support.events.EventFiringWebDriver.findElement(EventFiringWebDriver.java:184)
	at org.openqa.selenium.remote.server.handler.FindElement.call(FindElement.java:47)
	at org.openqa.selenium.remote.server.handler.FindElement.call(FindElement.java:1)
	at java.util.concurrent.FutureTask.run(FutureTask.java:266)
	at org.openqa.selenium.remote.server.DefaultSession$1.run(DefaultSession.java:168)
	at java.util.concurrent.ThreadPoolExecutor.runWorker(ThreadPoolExecutor.java:1142)
	at java.util.concurrent.ThreadPoolExecutor$Worker.run(ThreadPoolExecutor.java:617)
	at java.lang.Thread.run(Thread.java:745)
Caused by: org.openqa.selenium.NoSuchElementException: Unable to locate element: {"method":"css selector","selector":"img[class=mockimage]"}
For documentation on this error, please visit: http://seleniumhq.org/exceptions/no_such_element.html
Build info: version: '2.45.0', revision: '5017cb8', time: '2015-02-26 23:59:50'
System info: host: 'Bran.local', ip: '192.168.1.2', os.name: 'Mac OS X', os.arch: 'x86_64', os.version: '10.10.3', java.version: '1.8.0_31'
Driver info: driver.version: unknown
	at <anonymous class>.FirefoxDriver.prototype.findElementInternal_(file:///var/folders/yf/hf1w40qj64j16wjxkxn9cd_40000gp/T/anonymous194710194139670383webdriver-profile/extensions/fxdriver@googlecode.com/components/driver-component.js:10271)
	at <anonymous class>.FirefoxDriver.prototype.findElement(file:///var/folders/yf/hf1w40qj64j16wjxkxn9cd_40000gp/T/anonymous194710194139670383webdriver-profile/extensions/fxdriver@googlecode.com/components/driver-component.js:10280)
	at <anonymous class>.DelayedCommand.prototype.executeInternal_/h(file:///var/folders/yf/hf1w40qj64j16wjxkxn9cd_40000gp/T/anonymous194710194139670383webdriver-profile/extensions/fxdriver@googlecode.com/components/command-processor.js:12274)
	at <anonymous class>.DelayedCommand.prototype.executeInternal_(file:///var/folders/yf/hf1w40qj64j16wjxkxn9cd_40000gp/T/anonymous194710194139670383webdriver-profile/extensions/fxdriver@googlecode.com/components/command-processor.js:12279)
	at <anonymous class>.DelayedCommand.prototype.execute/<(file:///var/folders/yf/hf1w40qj64j16wjxkxn9cd_40000gp/T/anonymous194710194139670383webdriver-profile/extensions/fxdriver@googlecode.com/components/command-processor.js:12221)
23:33:36.731 WARN - Exception: Unable to locate element: {"method":"css selector","selector":"img[class=mockimage]"}
For documentation on this error, please visit: http://seleniumhq.org/exceptions/no_such_element.html
Build info: version: '2.45.0', revision: '5017cb8', time: '2015-02-26 23:59:50'
System info: host: 'Bran.local', ip: '192.168.1.2', os.name: 'Mac OS X', os.arch: 'x86_64', os.version: '10.10.3', java.version: '1.8.0_31'
Driver info: driver.version: unknown
23:33:37.291 INFO - Executing: [find element: By.cssSelector: img[class=mockimage]])
23:33:40.739 INFO - Done: [find element: By.cssSelector: img[class=mockimage]]
23:33:40.742 INFO - Executing: [find element: By.cssSelector: div[class=cirqle-outer-button]])
23:33:40.805 INFO - Done: [find element: By.cssSelector: div[class=cirqle-outer-button]]
23:33:40.807 INFO - Executing: [is displayed: 2 [[FirefoxDriver: firefox on MAC (0186425b-721b-b04a-965d-1a228ecc61f5)] -> css selector: div[class=cirqle-outer-button]]])
23:33:40.851 INFO - Done: [is displayed: 2 [[FirefoxDriver: firefox on MAC (0186425b-721b-b04a-965d-1a228ecc61f5)] -> css selector: div[class=cirqle-outer-button]]]
23:33:40.854 INFO - Executing: [find element: By.cssSelector: div[class=cirqle-outer-button]])
23:33:40.902 INFO - Done: [find element: By.cssSelector: div[class=cirqle-outer-button]]
23:33:40.904 INFO - Executing: [click: 2 [[FirefoxDriver: firefox on MAC (0186425b-721b-b04a-965d-1a228ecc61f5)] -> css selector: div[class=cirqle-outer-button]]])
23:33:41.026 INFO - Done: [click: 2 [[FirefoxDriver: firefox on MAC (0186425b-721b-b04a-965d-1a228ecc61f5)] -> css selector: div[class=cirqle-outer-button]]]
23:33:41.932 INFO - Executing: [find element: By.cssSelector: div[id=cq-shopwindow]])
23:33:41.942 INFO - Done: [find element: By.cssSelector: div[id=cq-shopwindow]]
23:33:41.944 INFO - Executing: [is displayed: 3 [[FirefoxDriver: firefox on MAC (0186425b-721b-b04a-965d-1a228ecc61f5)] -> css selector: div[id=cq-shopwindow]]])
23:33:41.992 INFO - Done: [is displayed: 3 [[FirefoxDriver: firefox on MAC (0186425b-721b-b04a-965d-1a228ecc61f5)] -> css selector: div[id=cq-shopwindow]]]
23:33:44.996 INFO - Executing: [delete session: 4c1e060f-e80a-493f-936c-c4d8307f5e1d])
23:33:45.075 INFO - Done: [delete session: 4c1e060f-e80a-493f-936c-c4d8307f5e1d]
23:33:45.092 INFO - Shutting down...
